"../../../../../../Creative stuph/GitHub Repos/mazetest/Content/labyrint.uasset" 0
"../../../../../../Creative stuph/GitHub Repos/mazetest/Content/Levels/Level1.uasset" 1
"../../../../../../Creative stuph/GitHub Repos/mazetest/Content/Level1.uasset" 2
"../../../../../../Creative stuph/GitHub Repos/mazetest/Content/Levels/Level2.uasset" 3
"../../../../../../Creative stuph/GitHub Repos/mazetest/Content/Level2.uasset" 4
"../../../../../../Creative stuph/GitHub Repos/mazetest/Content/NewTouchInterface.uasset" 5
"../../../../../../Creative stuph/GitHub Repos/mazetest/Content/StarterContent/Textures/T_Ground_Grass_N.uasset" 6
"../../../../../../Creative stuph/GitHub Repos/mazetest/Content/StarterContent/Textures/T_Ground_Grass_D.uasset" 7
"../../../../../../Creative stuph/GitHub Repos/mazetest/Content/StarterContent/Textures/T_Perlin_Noise_M.uasset" 8
"../../../../../../Creative stuph/GitHub Repos/mazetest/Content/StarterContent/Textures/T_MacroVariation.uasset" 9
"../../../../../../Creative stuph/GitHub Repos/mazetest/Content/StarterContent/Materials/M_Ground_Grass.uasset" 10
"../../../../../../Creative stuph/GitHub Repos/mazetest/Content/blueprints/meshes/Box.uasset" 11
"../../../../../../Creative stuph/GitHub Repos/mazetest/Content/blueprints/meshes/Plane_material.uasset" 12
"../../../../../../Creative stuph/GitHub Repos/mazetest/Content/blueprints/meshes/Plane.uasset" 13
"../../../../../../Creative stuph/GitHub Repos/mazetest/Content/Geometry/Meshes/CubeMaterial.uasset" 14
"../../../../../../Creative stuph/GitHub Repos/mazetest/Content/Geometry/Meshes/1M_Cube_Chamfer.uasset" 15
"../../../../../../Creative stuph/GitHub Repos/mazetest/Content/Geometry/Meshes/TemplateFloor.uasset" 16
"../../../../../../Creative stuph/GitHub Repos/mazetest/Content/HandheldARBP/Blueprints/GameFramework/BP_ARPlayerController.uasset" 17
"../../../../../../Creative stuph/GitHub Repos/mazetest/Content/HandheldARBP/D_ARSessionConfig.uasset" 18
"../../../../../../Creative stuph/GitHub Repos/mazetest/Content/HandheldARBP/Blueprints/UI/BP_MainMenu.uasset" 19
"../../../Engine/Content/EditorBlueprintResources/StandardMacros.uasset" 20
"../../../../../../Creative stuph/GitHub Repos/mazetest/Content/HandheldARBP/Blueprints/UI/BP_DebugMenu.uasset" 21
"../../../../../../Creative stuph/GitHub Repos/mazetest/Content/HandheldARBP/Blueprints/Placeable/T_ContactShadow.uasset" 22
"../../../../../../Creative stuph/GitHub Repos/mazetest/Content/HandheldARBP/Blueprints/Placeable/M_ContactShadow.uasset" 23
"../../../Engine/Content/EngineMaterials/T_Default_Material_Grid_N.uasset" 24
"../../../Engine/Content/EngineMaterials/T_Default_Material_Grid_M.uasset" 25
"../../../Engine/Content/Functions/Engine_MaterialFunctions01/Opacity/CameraDepthFade.uasset" 26
"../../../Engine/Content/EngineMaterials/DefaultMaterial.uasset" 27
"../../../Engine/Content/BasicShapes/Cone.uasset" 28
"../../../Engine/Content/BasicShapes/Cylinder.uasset" 29
"../../../Engine/Content/EngineMaterials/WorldGridMaterial.uasset" 30
"../../../Engine/Content/BasicShapes/Plane.uasset" 31
"../../../Engine/Content/BasicShapes/Sphere.uasset" 32
"../../../Engine/Content/BasicShapes/BasicShapeMaterial.uasset" 33
"../../../../../../Creative stuph/GitHub Repos/mazetest/Content/HandheldARBP/Blueprints/Placeable/BP_Placeable.uasset" 34
"../../../../../../Creative stuph/GitHub Repos/mazetest/Content/Maps/Menu/mapMenu.uasset" 35
"../../../../../../Creative stuph/GitHub Repos/mazetest/Content/Maps/Menu/MenuWidget.uasset" 36
"../../../../../../Creative stuph/GitHub Repos/mazetest/Content/HandheldARBP/Blueprints/GameFramework/BP_ARPawn.uasset" 37
"../../../../../../Creative stuph/GitHub Repos/mazetest/Content/HandheldARBP/Blueprints/GameFramework/BP_ARGameMode.uasset" 38
"../../../../../../Creative stuph/GitHub Repos/mazetest/Content/HandheldARBP/Blueprints/Placeable/NewBlueprint.uasset" 39
"../../../../../../Creative stuph/GitHub Repos/mazetest/Content/HandheldARBP/Materials/M_BackgroundFade.uasset" 40
"../../../../../../Creative stuph/GitHub Repos/mazetest/Content/Mannequin/Character/Mesh/UE4_Mannequin_Skeleton.uasset" 41
"../../../../../../Creative stuph/GitHub Repos/mazetest/Content/Mannequin/Animations/ThirdPersonJump_End.uasset" 42
"../../../../../../Creative stuph/GitHub Repos/mazetest/Content/Mannequin/Animations/ThirdPersonJump_Start.uasset" 43
"../../../../../../Creative stuph/GitHub Repos/mazetest/Content/Mannequin/Animations/ThirdPersonJump_Loop.uasset" 44
"../../../../../../Creative stuph/GitHub Repos/mazetest/Content/Mannequin/Animations/ThirdPerson_Jump.uasset" 45
"../../../../../../Creative stuph/GitHub Repos/mazetest/Content/Mannequin/Animations/ThirdPersonIdle.uasset" 46
"../../../../../../Creative stuph/GitHub Repos/mazetest/Content/Mannequin/Animations/ThirdPersonRun.uasset" 47
"../../../../../../Creative stuph/GitHub Repos/mazetest/Content/Mannequin/Animations/ThirdPersonWalk.uasset" 48
"../../../../../../Creative stuph/GitHub Repos/mazetest/Content/Mannequin/Animations/ThirdPerson_IdleRun_2D.uasset" 49
"../../../../../../Creative stuph/GitHub Repos/mazetest/Content/Mannequin/Animations/ThirdPerson_AnimBP.uasset" 50
"../../../../../../Creative stuph/GitHub Repos/mazetest/Content/Mannequin/Character/Mesh/SK_Mannequin_PhysicsAsset.uasset" 51
"../../../../../../Creative stuph/GitHub Repos/mazetest/Content/Mannequin/Character/Textures/UE4Man_Logo_N.uasset" 52
"../../../../../../Creative stuph/GitHub Repos/mazetest/Content/Mannequin/Character/Textures/UE4_Mannequin_MAT_MASKA.uasset" 53
"../../../../../../Creative stuph/GitHub Repos/mazetest/Content/Mannequin/Character/Textures/UE4_Mannequin__normals.uasset" 54
"../../../../../../Creative stuph/GitHub Repos/mazetest/Content/Mannequin/Character/Materials/MaterialLayers/T_ML_Aluminum01_N.uasset" 55
"../../../../../../Creative stuph/GitHub Repos/mazetest/Content/Mannequin/Character/Materials/MaterialLayers/T_ML_Aluminum01.uasset" 56
"../../../../../../Creative stuph/GitHub Repos/mazetest/Content/Mannequin/Character/Materials/MaterialLayers/ML_SoftMetal_UE4.uasset" 57
"../../../../../../Creative stuph/GitHub Repos/mazetest/Content/Mannequin/Character/Textures/UE4_LOGO_CARD.uasset" 58
"../../../../../../Creative stuph/GitHub Repos/mazetest/Content/Mannequin/Character/Materials/MaterialLayers/ML_Plastic_Shiny_Beige_LOGO.uasset" 59
"../../../../../../Creative stuph/GitHub Repos/mazetest/Content/Mannequin/Character/Materials/MaterialLayers/ML_Plastic_Shiny_Beige.uasset" 60
"../../../../../../Creative stuph/GitHub Repos/mazetest/Content/Mannequin/Character/Materials/MaterialLayers/T_ML_Rubber_Blue_01_N.uasset" 61
"../../../../../../Creative stuph/GitHub Repos/mazetest/Content/Mannequin/Character/Materials/MaterialLayers/T_ML_Rubber_Blue_01_D.uasset" 62
"../../../../../../Creative stuph/GitHub Repos/mazetest/Content/Mannequin/Character/Materials/MaterialLayers/ML_GlossyBlack_Latex_UE4.uasset" 63
"../../../Engine/Content/Functions/MaterialLayerFunctions/MatLayerBlend_Simple.uasset" 64
"../../../Engine/Content/Functions/Engine_MaterialFunctions02/Utility/BlendAngleCorrectedNormals.uasset" 65
"../../../Engine/Content/Functions/MaterialLayerFunctions/MatLayerBlend_NormalBlend.uasset" 66
"../../../../../../Creative stuph/GitHub Repos/mazetest/Content/Mannequin/Character/Materials/M_UE4Man_Body.uasset" 67
"../../../../../../Creative stuph/GitHub Repos/mazetest/Content/Mannequin/Character/Materials/M_UE4Man_ChestLogo.uasset" 68
"../../../../../../Creative stuph/GitHub Repos/mazetest/Content/Mannequin/Character/Mesh/SK_Mannequin.uasset" 69
"../../../../../../Creative stuph/GitHub Repos/mazetest/Content/StarterContent/Materials/M_Basic_Wall.uasset" 70
"../../../../../../Creative stuph/GitHub Repos/mazetest/Content/StarterContent/Architecture/Pillar_50x500.uasset" 71
"../../../../../../Creative stuph/GitHub Repos/mazetest/Content/StarterContent/Architecture/Wall_400x300.uasset" 72
"../../../../../../Creative stuph/GitHub Repos/mazetest/Content/StarterContent/Architecture/Wall_400x400.uasset" 73
"../../../../../../Creative stuph/GitHub Repos/mazetest/Content/StarterContent/Architecture/Wall_500x500.uasset" 74
"../../../../../../Creative stuph/GitHub Repos/mazetest/Content/StarterContent/Architecture/Wall_Door_400x400.uasset" 75
"../../../../../../Creative stuph/GitHub Repos/mazetest/Content/StarterContent/Architecture/Wall_Window_400x400.uasset" 76
"../../../../../../Creative stuph/GitHub Repos/mazetest/Content/StarterContent/Audio/Collapse01.uasset" 77
"../../../../../../Creative stuph/GitHub Repos/mazetest/Content/StarterContent/Audio/Collapse02.uasset" 78
"../../../../../../Creative stuph/GitHub Repos/mazetest/Content/StarterContent/Audio/Explosion01.uasset" 79
"../../../../../../Creative stuph/GitHub Repos/mazetest/Content/StarterContent/Audio/Explosion02.uasset" 80
"../../../../../../Creative stuph/GitHub Repos/mazetest/Content/StarterContent/Audio/Fire01.uasset" 81
"../../../../../../Creative stuph/GitHub Repos/mazetest/Content/StarterContent/Audio/Fire_Sparks01.uasset" 82
"../../../../../../Creative stuph/GitHub Repos/mazetest/Content/StarterContent/Audio/Light01.uasset" 83
"../../../../../../Creative stuph/GitHub Repos/mazetest/Content/StarterContent/Audio/Light01_Cue.uasset" 84
"../../../../../../Creative stuph/GitHub Repos/mazetest/Content/StarterContent/Audio/Light02.uasset" 85
"../../../../../../Creative stuph/GitHub Repos/mazetest/Content/StarterContent/Audio/Light02_Cue.uasset" 86
"../../../../../../Creative stuph/GitHub Repos/mazetest/Content/StarterContent/Audio/Smoke01.uasset" 87
"../../../../../../Creative stuph/GitHub Repos/mazetest/Content/StarterContent/Audio/Starter_Birds01.uasset" 88
"../../../../../../Creative stuph/GitHub Repos/mazetest/Content/StarterContent/Audio/Starter_Music01.uasset" 89
"../../../../../../Creative stuph/GitHub Repos/mazetest/Content/StarterContent/Audio/Starter_Wind05.uasset" 90
"../../../../../../Creative stuph/GitHub Repos/mazetest/Content/StarterContent/Audio/Starter_Wind06.uasset" 91
"../../../../../../Creative stuph/GitHub Repos/mazetest/Content/StarterContent/Audio/Steam01.uasset" 92
"../../../../../../Creative stuph/GitHub Repos/mazetest/Content/StarterContent/Textures/T_Smoke_Tiled_D.uasset" 93
"../../../../../../Creative stuph/GitHub Repos/mazetest/Content/StarterContent/Textures/T_Smoke_SubUV.uasset" 94
"../../../../../../Creative stuph/GitHub Repos/mazetest/Content/StarterContent/Particles/Materials/M_smoke_subUV.uasset" 95
"../../../Engine/Content/Functions/Engine_MaterialFunctions01/Gradient/RadialGradient.uasset" 96
"../../../../../../Creative stuph/GitHub Repos/mazetest/Content/StarterContent/Particles/Materials/M_radial_ramp.uasset" 97
"../../../../../../Creative stuph/GitHub Repos/mazetest/Content/StarterContent/Particles/Materials/m_flare_01.uasset" 98
"../../../../../../Creative stuph/GitHub Repos/mazetest/Content/StarterContent/Textures/T_Explosion_SubUV.uasset" 99
"../../../../../../Creative stuph/GitHub Repos/mazetest/Content/StarterContent/Particles/Materials/M_explosion_subUV.uasset" 100
"../../../../../../Creative stuph/GitHub Repos/mazetest/Content/StarterContent/Textures/T_Burst_M.uasset" 101
"../../../../../../Creative stuph/GitHub Repos/mazetest/Content/StarterContent/Particles/Materials/M_Burst.uasset" 102
"../../../../../../Creative stuph/GitHub Repos/mazetest/Content/StarterContent/Particles/P_Explosion.uasset" 103
"../../../../../../Creative stuph/GitHub Repos/mazetest/Content/StarterContent/Audio/Explosion_Cue.uasset" 104
"../../../../../../Creative stuph/GitHub Repos/mazetest/Content/StarterContent/Blueprints/Blueprint_Effect_Explosion.uasset" 105
"../../../Engine/Content/EditorMeshes/ColorCalibrator/T_ColorGrid.uasset" 106
"../../../../../../Creative stuph/GitHub Repos/mazetest/Content/StarterContent/Materials/M_ColorGrid_LowSpec.uasset" 107
"../../../../../../Creative stuph/GitHub Repos/mazetest/Content/StarterContent/Textures/T_Bush_N.uasset" 108
"../../../../../../Creative stuph/GitHub Repos/mazetest/Content/StarterContent/Textures/T_Bush_D.uasset" 109
"../../../../../../Creative stuph/GitHub Repos/mazetest/Content/StarterContent/Props/Materials/M_Bush.uasset" 110
"../../../../../../Creative stuph/GitHub Repos/mazetest/Content/StarterContent/Props/SM_Bush.uasset" 111
"../../../../../../Creative stuph/GitHub Repos/mazetest/Content/StarterContent/Textures/T_Chair_N.uasset" 112
"../../../../../../Creative stuph/GitHub Repos/mazetest/Content/StarterContent/Textures/T_Chair_M.uasset" 113
"../../../../../../Creative stuph/GitHub Repos/mazetest/Content/StarterContent/Props/Materials/M_Chair.uasset" 114
"../../../../../../Creative stuph/GitHub Repos/mazetest/Content/StarterContent/Props/SM_Couch.uasset" 115
"../../../../../../Creative stuph/GitHub Repos/mazetest/Content/StarterContent/Textures/T_Door_N.uasset" 116
"../../../../../../Creative stuph/GitHub Repos/mazetest/Content/StarterContent/Textures/T_Door_M.uasset" 117
"../../../../../../Creative stuph/GitHub Repos/mazetest/Content/StarterContent/Props/Materials/M_Door.uasset" 118
"../../../../../../Creative stuph/GitHub Repos/mazetest/Content/StarterContent/Materials/M_Glass.uasset" 119
"../../../../../../Creative stuph/GitHub Repos/mazetest/Content/StarterContent/Props/SM_Door.uasset" 120
"../../../../../../Creative stuph/GitHub Repos/mazetest/Content/StarterContent/Props/Materials/M_MaterialSphere_Plain.uasset" 121
"../../../../../../Creative stuph/GitHub Repos/mazetest/Content/StarterContent/Props/Materials/M_MaterialSphere.uasset" 122
"../../../../../../Creative stuph/GitHub Repos/mazetest/Content/StarterContent/Props/SM_MatPreviewMesh_02.uasset" 123
"../../../../../../Creative stuph/GitHub Repos/mazetest/Content/StarterContent/Textures/T_RockMesh_N.uasset" 124
"../../../../../../Creative stuph/GitHub Repos/mazetest/Content/StarterContent/Textures/T_RockMesh_M.uasset" 125
"../../../../../../Creative stuph/GitHub Repos/mazetest/Content/StarterContent/Textures/T_Rock_Basalt_D.uasset" 126
"../../../../../../Creative stuph/GitHub Repos/mazetest/Content/StarterContent/Textures/T_Detail_Rocky_N.uasset" 127
"../../../../../../Creative stuph/GitHub Repos/mazetest/Content/StarterContent/Props/Materials/M_Rock.uasset" 128
"../../../../../../Creative stuph/GitHub Repos/mazetest/Content/StarterContent/Props/SM_Rock.uasset" 129
"../../../../../../Creative stuph/GitHub Repos/mazetest/Content/StarterContent/Textures/T_Shelf_N.uasset" 130
"../../../../../../Creative stuph/GitHub Repos/mazetest/Content/StarterContent/Textures/T_Shelf_M.uasset" 131
"../../../../../../Creative stuph/GitHub Repos/mazetest/Content/StarterContent/Props/Materials/M_Shelf.uasset" 132
"../../../../../../Creative stuph/GitHub Repos/mazetest/Content/StarterContent/Props/SM_Shelf.uasset" 133
"../../../../../../Creative stuph/GitHub Repos/mazetest/Content/StarterContent/Materials/M_Basic_Floor.uasset" 134
"../../../../../../Creative stuph/GitHub Repos/mazetest/Content/StarterContent/Props/SM_Stairs.uasset" 135
"../../../../../../Creative stuph/GitHub Repos/mazetest/Content/StarterContent/Shapes/Shape_Cone.uasset" 136
"../../../../../../Creative stuph/GitHub Repos/mazetest/Content/StarterContent/Shapes/Shape_Cylinder.uasset" 137
"../../../../../../Creative stuph/GitHub Repos/mazetest/Content/StarterContent/Shapes/Shape_NarrowCapsule.uasset" 138
"../../../../../../Creative stuph/GitHub Repos/mazetest/Content/StarterContent/Shapes/Shape_Pipe.uasset" 139
"../../../../../../Creative stuph/GitHub Repos/mazetest/Content/StarterContent/Shapes/Shape_Pipe_180.uasset" 140
"../../../../../../Creative stuph/GitHub Repos/mazetest/Content/StarterContent/Shapes/Shape_Pipe_90.uasset" 141
"../../../../../../Creative stuph/GitHub Repos/mazetest/Content/StarterContent/Shapes/Shape_Plane.uasset" 142
"../../../../../../Creative stuph/GitHub Repos/mazetest/Content/StarterContent/Shapes/Shape_Torus.uasset" 143
"../../../../../../Creative stuph/GitHub Repos/mazetest/Content/StarterContent/Shapes/Shape_Trim.uasset" 144
"../../../../../../Creative stuph/GitHub Repos/mazetest/Content/StarterContent/Shapes/Shape_Trim_90_In.uasset" 145
"../../../../../../Creative stuph/GitHub Repos/mazetest/Content/StarterContent/Shapes/Shape_Trim_90_Out.uasset" 146
"../../../../../../Creative stuph/GitHub Repos/mazetest/Content/StarterContent/Shapes/Shape_TriPyramid.uasset" 147
"../../../../../../Creative stuph/GitHub Repos/mazetest/Content/StarterContent/Shapes/Shape_Tube.uasset" 148
"../../../../../../Creative stuph/GitHub Repos/mazetest/Content/StarterContent/Shapes/Shape_Wedge_A.uasset" 149
"../../../../../../Creative stuph/GitHub Repos/mazetest/Content/StarterContent/Shapes/Shape_Wedge_B.uasset" 150
"../../../../../../Creative stuph/GitHub Repos/mazetest/Content/StarterContent/Shapes/Shape_WideCapsule.uasset" 151
"../../../../../../Creative stuph/GitHub Repos/mazetest/Content/ThirdPerson/Meshes/RampMaterial.uasset" 152
"../../../../../../Creative stuph/GitHub Repos/mazetest/Content/ThirdPerson/Meshes/Bump_StaticMesh.uasset" 153
"../../../../../../Creative stuph/GitHub Repos/mazetest/Content/ThirdPerson/Meshes/LeftArm_StaticMesh.uasset" 154
"../../../../../../Creative stuph/GitHub Repos/mazetest/Content/ThirdPerson/Meshes/Linear_Stair_StaticMesh.uasset" 155
"../../../../../../Creative stuph/GitHub Repos/mazetest/Content/ThirdPerson/Meshes/Ramp_StaticMesh.uasset" 156
"../../../../../../Creative stuph/GitHub Repos/mazetest/Content/ThirdPerson/Meshes/RightArm_StaticMesh.uasset" 157
"../../../../../../Creative stuph/GitHub Repos/mazetest/Content/ThirdPersonBP/ThirdPersonOverview.uasset" 158
"../../../../../../Creative stuph/GitHub Repos/mazetest/Content/widgets/WINScreen_widget.uasset" 159
"../../../Engine/Content/Animation/DefaultAnimCurveCompressionSettings.uasset" 160
"../../../Engine/Content/Animation/DefaultAnimBoneCompressionSettings.uasset" 161
"../../../../../../Creative stuph/GitHub Repos/mazetest/Content/Mannequin/NewCharacter/Character_Skeleton.uasset" 162
"../../../../../../Creative stuph/GitHub Repos/mazetest/Content/Mannequin/NewCharacter/Animations/Character_Anim_Walk.uasset" 163
"../../../../../../Creative stuph/GitHub Repos/mazetest/Content/Mannequin/NewCharacter/Animations/Character_Anim_Standing.uasset" 164
"../../../../../../Creative stuph/GitHub Repos/mazetest/Content/Mannequin/NewCharacter/Animations/Character_BlendSpace.uasset" 165
"../../../../../../Creative stuph/GitHub Repos/mazetest/Content/Mannequin/NewCharacter/Animations/Character_BP.uasset" 166
"../../../../../../Creative stuph/GitHub Repos/mazetest/Content/Mannequin/NewCharacter/Character_PhysicsAsset.uasset" 167
"../../../../../../Creative stuph/GitHub Repos/mazetest/Content/Mannequin/NewCharacter/Materials/Tongue.uasset" 168
"../../../../../../Creative stuph/GitHub Repos/mazetest/Content/Mannequin/NewCharacter/Materials/teeth.uasset" 169
"../../../../../../Creative stuph/GitHub Repos/mazetest/Content/Mannequin/NewCharacter/Materials/Material_003.uasset" 170
"../../../../../../Creative stuph/GitHub Repos/mazetest/Content/Mannequin/NewCharacter/Materials/eye_R.uasset" 171
"../../../../../../Creative stuph/GitHub Repos/mazetest/Content/Mannequin/NewCharacter/Materials/eye_L.uasset" 172
"../../../../../../Creative stuph/GitHub Repos/mazetest/Content/Mannequin/NewCharacter/Character.uasset" 173
"../../../../../../Creative stuph/GitHub Repos/mazetest/Content/ThirdPersonBP/Blueprints/ThirdPersonCharacter.uasset" 174
"../../../../../../Creative stuph/GitHub Repos/mazetest/Content/ThirdPersonBP/Blueprints/ThirdPersonGameMode.uasset" 175
"../../../../../../Creative stuph/GitHub Repos/mazetest/Content/Maps/ThirdPersonExampleMap.uasset" 176
"../../../../../../Creative stuph/GitHub Repos/mazetest/Content/Levels/ThirdPersonExampleMap.uasset" 177
"../../../../../../Creative stuph/GitHub Repos/mazetest/Content/ThirdPersonBP/Maps/ThirdPersonExampleMap.uasset" 178
"../../../../../../Creative stuph/GitHub Repos/mazetest/Content/Maps/Editor_BuiltData.uasset" 179
"../../../../../../Creative stuph/GitHub Repos/mazetest/Content/Maps/ThirdPersonExampleMap_BuiltData.uasset" 180
"../../../../../../Creative stuph/GitHub Repos/mazetest/Content/ThirdPersonBP/Maps/ThirdPersonExampleMap_BuiltData.uasset" 181
"../../../Engine/Content/ArtTools/RenderToTexture/Meshes/S_1_Unit_Plane.uasset" 182
"../../../Engine/Content/BasicShapes/Cube.uasset" 183
"../../../Engine/Content/EditorLandscapeResources/DataLayer.uasset" 184
"../../../Engine/Content/EditorLandscapeResources/DefaultAlphaTexture.uasset" 185
"../../../Engine/Content/EditorMaterials/MAT_Groups_Toggle.uasset" 186
"../../../Engine/Content/EditorMaterials/MAT_Groups_Visibility.uasset" 187
"../../../Engine/Content/EditorMaterials/PreviewShadowIndicator.uasset" 188
"../../../Engine/Content/EditorMaterials/PreviewShadowIndicatorMaterial.uasset" 189
"../../../Engine/Content/EditorMaterials/MatineeGroups/MAT_ColorTrack.uasset" 190
"../../../Engine/Content/EditorMaterials/MatineeGroups/MAT_Groups_Anim.uasset" 191
"../../../Engine/Content/EditorMaterials/MatineeGroups/MAT_Groups_AudioMaster.uasset" 192
"../../../Engine/Content/EditorMaterials/MatineeGroups/MAT_Groups_Director.uasset" 193
"../../../Engine/Content/EditorMaterials/MatineeGroups/MAT_Groups_Event.uasset" 194
"../../../Engine/Content/EditorMaterials/MatineeGroups/MAT_Groups_Fade.uasset" 195
"../../../Engine/Content/EditorMaterials/MatineeGroups/MAT_Groups_Float.uasset" 196
"../../../Engine/Content/EditorMaterials/MatineeGroups/MAT_Groups_Move.uasset" 197
"../../../Engine/Content/EditorMaterials/MatineeGroups/MAT_Groups_Slomo.uasset" 198
"../../../Engine/Content/EditorMaterials/MatineeGroups/MAT_Groups_Sound.uasset" 199
"../../../Engine/Content/EditorMaterials/MatineeGroups/MAT_Groups_Vector.uasset" 200
"../../../Engine/Content/EditorMaterials/ParticleSystems/PSysThumbnail_NoImage.uasset" 201
"../../../Engine/Content/EditorMaterials/ParticleSystems/PSysThumbnail_OOD.uasset" 202
"../../../Engine/Content/EditorMaterials/Camera/CineMat.uasset" 203
"../../../Engine/Content/EditorMaterials/Camera/MI_CineMat_Rig.uasset" 204
"../../../Engine/Content/EditorMeshes/Camera/SM_CraneRig_Arm.uasset" 205
"../../../Engine/Content/EditorMeshes/Camera/SM_CraneRig_Base.uasset" 206
"../../../Engine/Content/EditorMeshes/Camera/SM_CraneRig_Body.uasset" 207
"../../../Engine/Content/EditorMeshes/Camera/SM_CraneRig_Mount.uasset" 208
"../../../Engine/Content/EditorMeshes/Camera/SM_RailRig_Mount.uasset" 209
"../../../Engine/Content/EditorMeshes/Camera/SM_RailRig_Track.uasset" 210
"../../../Engine/Content/EditorResources/BSPVertex.uasset" 211
"../../../Engine/Content/EditorResources/EmptyActor.uasset" 212
"../../../Engine/Content/EditorResources/S_Actor.uasset" 213
"../../../Engine/Content/EditorResources/S_Note.uasset" 214
"../../../Engine/Content/EditorResources/S_Solver.uasset" 215
"../../../Engine/Content/EditorResources/S_Terrain.uasset" 216
"../../../Engine/Content/EditorResources/S_Trigger.uasset" 217
"../../../Engine/Content/EditorResources/AudioIcons/S_AudioComponent.uasset" 218
"../../../Engine/Content/EditorResources/AudioIcons/S_AudioComponent_AutoActivate.uasset" 219
"../../../Engine/Content/EditorResources/LightIcons/S_LightError.uasset" 220
"../../../Engine/Content/EditorResources/SequenceRecorder/Countdown.uasset" 221
"../../../Engine/Content/EditorResources/SequenceRecorder/RecordingIndicator.uasset" 222
"../../../Engine/Content/EngineDamageTypes/DmgTypeBP_Environmental.uasset" 223
"../../../Engine/Content/EngineDebugMaterials/DebugEditorMaterial.uasset" 224
"../../../Engine/Content/EngineDebugMaterials/DebugMeshMaterial.uasset" 225
"../../../Engine/Content/EngineDebugMaterials/M_SimpleUnlitTranslucent.uasset" 226
"../../../Engine/Content/EngineDebugMaterials/VolumeToRender.uasset" 227
"../../../Engine/Content/Functions/Engine_MaterialFunctions02/Utility/CameraDirectionVector.uasset" 228
"../../../Engine/Content/EngineDebugMaterials/M_VolumeRenderSphereTracePP.uasset" 229
"../../../Engine/Content/Functions/Engine_MaterialFunctions01/Shading/ConvertFromDiffSpec.uasset" 230
"../../../Engine/Content/EngineDebugMaterials/VertexColorMaterial.uasset" 231
"../../../Engine/Content/EngineDebugMaterials/WireframeMaterial.uasset" 232
"../../../Engine/Content/EngineFonts/Faces/RobotoRegular.uasset" 233
"../../../Engine/Content/EngineFonts/Faces/RobotoLight.uasset" 234
"../../../Engine/Content/EngineFonts/Faces/RobotoItalic.uasset" 235
"../../../Engine/Content/EngineFonts/Faces/RobotoBoldItalic.uasset" 236
"../../../Engine/Content/EngineFonts/Faces/RobotoBold.uasset" 237
"../../../Engine/Content/EngineFonts/Faces/DroidSansFallback.uasset" 238
"../../../Engine/Content/EngineFonts/Roboto.uasset" 239
"../../../Engine/Content/EngineMaterials/BaseFlattenNormalMap.uasset" 240
"../../../Engine/Content/EngineMaterials/BaseFlattenGrayscaleMap.uasset" 241
"../../../Engine/Content/EngineMaterials/BaseFlattenEmissiveMap.uasset" 242
"../../../Engine/Content/EngineMaterials/BaseFlattenDiffuseMap.uasset" 243
"../../../Engine/Content/EngineMaterials/BaseFlattenMaterial.uasset" 244
"../../../Engine/Content/EngineMaterials/BlueNoise.uasset" 245
"../../../Engine/Content/EngineMaterials/DefaultBloomKernel.uasset" 246
"../../../Engine/Content/EngineMaterials/DefaultBokeh.uasset" 247
"../../../Engine/Content/EngineMaterials/DefaultDiffuse.uasset" 248
"../../../Engine/Content/EngineMaterials/DefaultDeferredDecalMaterial.uasset" 249
"../../../Engine/Content/EngineMaterials/DefaultLightFunctionMaterial.uasset" 250
"../../../Engine/Content/EngineMaterials/DefaultPhysicalMaterial.uasset" 251
"../../../Engine/Content/Functions/Engine_MaterialFunctions02/Utility/BreakOutFloat2Components.uasset" 252
"../../../Engine/Content/EngineMaterials/DefaultPostProcessMaterial.uasset" 253
"../../../Engine/Content/EngineFonts/RobotoDistanceField.uasset" 254
"../../../Engine/Content/EngineMaterials/DefaultTextMaterialOpaque.uasset" 255
"../../../Engine/Content/EngineMaterials/DefaultWhiteGrid.uasset" 256
"../../../Engine/Content/EngineMaterials/DefaultWhiteGrid_Low.uasset" 257
"../../../Engine/Content/EngineMaterials/EmissiveMeshMaterial.uasset" 258
"../../../Engine/Content/EngineMaterials/GizmoMaterial.uasset" 259
"../../../Engine/Content/EngineMaterials/Good64x64TilingNoiseHighFreq.uasset" 260
"../../../Engine/Content/EngineMaterials/MiniFont.uasset" 261
"../../../Engine/Content/EngineMaterials/InvalidLightmapSettings.uasset" 262
"../../../Engine/Content/EngineMaterials/M_InvalidLightmapSettings.uasset" 263
"../../../Engine/Content/Functions/Engine_MaterialFunctions02/WorldPositionOffset/CameraOffset.uasset" 264
"../../../Engine/Content/EngineMaterials/PhAT_JointLimitMaterial.uasset" 265
"../../../Engine/Content/EngineMaterials/PreintegratedSkinBRDF.uasset" 266
"../../../Engine/Content/EngineMaterials/RemoveSurfaceMaterial.uasset" 267
"../../../Engine/Content/EngineMaterials/WeightMapPlaceholderTexture.uasset" 268
"../../../Engine/Content/EngineResources/WhiteSquareTexture.uasset" 269
"../../../Engine/Content/EngineMaterials/Widget3DPassThrough.uasset" 270
"../../../Engine/Content/EngineMaterials/Widget3DPassThrough_Masked.uasset" 271
"../../../Engine/Content/EngineMaterials/Widget3DPassThrough_Opaque.uasset" 272
"../../../Engine/Content/EngineMaterials/Widget3DPassThrough_Masked_OneSided.uasset" 273
"../../../Engine/Content/EngineMaterials/Widget3DPassThrough_Opaque_OneSided.uasset" 274
"../../../Engine/Content/EngineMaterials/Widget3DPassThrough_Translucent.uasset" 275
"../../../Engine/Content/EngineMaterials/Widget3DPassThrough_Translucent_OneSided.uasset" 276
"../../../Engine/Content/EngineMeshes/Cylinder.uasset" 277
"../../../Engine/Content/EngineMeshes/Sphere.uasset" 278
"../../../Engine/Content/EngineResources/Black.uasset" 279
"../../../Engine/Content/EngineResources/DefaultTextureCube.uasset" 280
"../../../Engine/Content/EngineResources/DefaultVolumeTexture2D.uasset" 281
"../../../Engine/Content/EngineResources/DefaultVolumeTexture.uasset" 282
"../../../Engine/Content/EngineResources/GradientTexture0.uasset" 283
"../../../Engine/Content/EngineSky/VolumetricClouds/T_NoiseShape64.uasset" 284
"../../../Engine/Content/EngineSky/VolumetricClouds/T_VolumeNoiseShape64.uasset" 285
"../../../Engine/Content/EngineSky/VolumetricClouds/T_NoiseErosion.uasset" 286
"../../../Engine/Content/EngineSky/VolumetricClouds/T_VolumeNoiseErosion32.uasset" 287
"../../../Engine/Content/EngineSky/VolumetricClouds/CloudWeatherTexture.uasset" 288
"../../../Engine/Content/EngineSky/VolumetricClouds/CloudGradientTexture.uasset" 289
"../../../Engine/Content/Functions/Engine_MaterialFunctions02/Utility/MakeFloat2.uasset" 290
"../../../Engine/Content/EngineSky/VolumetricClouds/m_SimpleVolumetricCloud.uasset" 291
"../../../Engine/Content/EngineSky/VolumetricClouds/m_SimpleVolumetricCloud_Inst.uasset" 292
"../../../Engine/Content/EngineSounds/Master.uasset" 293
"../../../Engine/Content/Functions/Engine_MaterialFunctions01/Shading/PowerToRoughness.uasset" 294
"../../../Engine/Content/Maps/Templates/Thumbnails/Default.uasset" 295
"../../../Engine/Content/Maps/Templates/Thumbnails/TimeOfDay.uasset" 296
"../../../Engine/Content/Maps/Templates/Thumbnails/VR-Basic.uasset" 297
"../../../Engine/Content/MobileResources/T_MobileControls_texture.uasset" 298
"../../../Engine/Content/MobileResources/T_MobileMenu2.uasset" 299
"../../../Engine/Content/MobileResources/HUD/AnalogHat.uasset" 300
"../../../Engine/Content/MobileResources/HUD/VirtualJoystick_Thumb.uasset" 301
"../../../Engine/Content/MobileResources/HUD/VirtualJoystick_Background.uasset" 302
"../../../Engine/Content/MobileResources/HUD/DefaultVirtualJoysticks.uasset" 303
"../../../Engine/Content/MobileResources/HUD/LeftVirtualJoystickOnly.uasset" 304
"../../../Engine/Content/MobileResources/HUD/MobileHUDButton1_off.uasset" 305
"../../../Engine/Content/MobileResources/HUD/MobileHUDButton1_on.uasset" 306
"../../../Engine/Content/MobileResources/HUD/MobileHUDButton2_off.uasset" 307
"../../../Engine/Content/MobileResources/HUD/MobileHUDButton2_on.uasset" 308
"../../../Engine/Content/MobileResources/HUD/MobileHUDButton3.uasset" 309
"../../../Engine/Content/MobileResources/HUD/MobileHUDButtonFire.uasset" 310
"../../../Engine/Content/MobileResources/HUD/MobileHUDDirectionPad.uasset" 311
"../../../Engine/Content/MobileResources/HUD/MobileHUDDirectionPad2.uasset" 312
"../../../Engine/Content/MobileResources/HUD/MobileHUDDirectionPad3.uasset" 313
"../../../Engine/Content/MobileResources/HUD/MobileHUDDirectionStick.uasset" 314
"../../../Engine/Content/MobileResources/HUD/T_Castle_ThumbstickInner.uasset" 315
"../../../Engine/Content/MobileResources/HUD/T_Castle_ThumbstickOutter.uasset" 316
"../../../Engine/Content/Tutorial/ContentIntroCurve.uasset" 317
"../../../Engine/Content/Tutorial/Basics/LevelEditorAttract.uasset" 318
"../../../Engine/Content/Tutorial/Basics/TutorialAssets/icon_tab_Levels_40x.uasset" 319
"../../../Engine/Content/Tutorial/Basics/LevelEditorOverview.uasset" 320
"../../../Engine/Content/Tutorial/BlueprintTutorials/TutorialAssets/Blueprint_64x.uasset" 321
"../../../Engine/Content/Tutorial/BlueprintTutorials/BlueprintEditorTutorial.uasset" 322
"../../../Engine/Content/Tutorial/BlueprintTutorials/LevelBlueprintEditorOverview.uasset" 323
"../../../Engine/Content/Tutorial/Mobile/SettingUpLuminTutorial.uasset" 324
"../../../Engine/Content/VREditor/TransformGizmo/TranslucentTransformGizmoMaterial.uasset" 325
"../../../Engine/Content/VREditor/LaserPointer/VR_LaserPower_01.uasset" 326
"../../../Engine/Content/VREditor/TransformGizmo/TransformGizmoMaterial.uasset" 327
"../../../Engine/Content/VREditor/TransformGizmo/BoundingBoxCorner.uasset" 328
"../../../Engine/Content/VREditor/TransformGizmo/BoundingBoxEdge.uasset" 329
"../../../Engine/Content/VREditor/TransformGizmo/PlaneTranslationHandle.uasset" 330
"../../../Engine/Content/VREditor/TransformGizmo/Xray.uasset" 331
"../../../Engine/Content/VREditor/TransformGizmo/Main.uasset" 332
"../../../Engine/Content/VREditor/TransformGizmo/SM_Sequencer_Key.uasset" 333
"../../../Engine/Content/VREditor/TransformGizmo/SM_Sequencer_Node.uasset" 334
"../../Plugins/2D/Paper2D/Content/PlaceholderTextures/DummySpriteTexture.uasset" 335
"../../Plugins/2D/Paper2D/Content/DummySprite.uasset" 336
"../../Plugins/2D/Paper2D/Content/DefaultPaperTerrainMaterial.uasset" 337
"../../Plugins/2D/Paper2D/Content/DefaultSpriteMaterial.uasset" 338
"../../Plugins/2D/Paper2D/Content/MaskedUnlitSpriteMaterial.uasset" 339
"../../Plugins/2D/Paper2D/Content/OpaqueUnlitSpriteMaterial.uasset" 340
"../../../Engine/Content/Functions/Engine_MaterialFunctions02/Utility/BreakOutFloat3Components.uasset" 341
"../../Plugins/Editor/SpeedTreeImporter/Content/SpeedTree9/UnpackInteger3.uasset" 342
"../../Plugins/Editor/SpeedTreeImporter/Content/SpeedTree9/UnpackDirection.uasset" 343
"../../Plugins/Editor/SpeedTreeImporter/Content/SpeedTree9/game_wind_noise.uasset" 344
"../../../Engine/Content/Functions/Engine_MaterialFunctions02/SafeNormalize.uasset" 345
"../../Plugins/Editor/SpeedTreeImporter/Content/SpeedTree9/SpeedTreeWindMotion.uasset" 346
"../../Plugins/Editor/SpeedTreeImporter/Content/SpeedTree9/SpeedTreeBranchMotion.uasset" 347
"../../../Engine/Content/Functions/Engine_MaterialFunctions02/ObjectLocalBounds.uasset" 348
"../../../Engine/Content/Functions/Engine_MaterialFunctions02/UVs/BoundingBoxBased_0-1_UVW.uasset" 349
"../../Plugins/Editor/SpeedTreeImporter/Content/SpeedTree9/SpeedTreeWind.uasset" 350
"../../Plugins/Editor/SpeedTreeImporter/Content/SpeedTree9/SpeedTreeBillboard.uasset" 351
"../../../Engine/Content/EngineResources/DefaultTexture.uasset" 352
"../../Plugins/Editor/SpeedTreeImporter/Content/SpeedTree9/SpeedTreeBillboardMaster.uasset" 353
"../../Plugins/Editor/SpeedTreeImporter/Content/SpeedTree9/SpeedTreeCameraFacing.uasset" 354
"../../Plugins/Editor/SpeedTreeImporter/Content/SpeedTree9/SpeedTreeMaster.uasset" 355
"../../../Engine/Content/ArtTools/RenderToTexture/Materials/Debug/M_Emissive_Color.uasset" 356
"../../Plugins/Lumin/MagicLeapPassableWorld/Content/MagicLeapARPinInfoActor.uasset" 357
"../../Plugins/Runtime/AR/ARUtilities/Content/Materials/DummyExternalTexture.uasset" 358
"../../Plugins/Runtime/AR/ARUtilities/Content/Materials/M_PassthroughCamera.uasset" 359
"../../Plugins/Runtime/AR/ARUtilities/Content/Materials/MI_PassthroughCameraExternalTexture.uasset" 360
"../../Plugins/Runtime/AR/ARUtilities/Content/Materials/M_ScreenSpacePassthroughCamera.uasset" 361
"../../Plugins/Runtime/AR/ARUtilities/Content/Materials/MI_ScreenSpacePassthroughCameraExternalTexture.uasset" 362
"../../Plugins/Runtime/AR/ARUtilities/Content/Materials/MF_DistanceColorLerp.uasset" 363
"../../Plugins/Runtime/AR/ARUtilities/Content/Materials/M_DepthColoration.uasset" 364
"../../../Engine/Content/Functions/Engine_MaterialFunctions02/Utility/BreakOutFloat4Components.uasset" 365
"../../../Engine/Content/Functions/Engine_MaterialFunctions02/Utility/MakeFloat3.uasset" 366
"../../Plugins/Runtime/Oculus/OculusVR/Content/Materials/OculusMR_ChromaKey.uasset" 367
"../../Plugins/Runtime/Oculus/OculusVR/Content/Materials/OculusMR_OpaqueColoredMaterial.uasset" 368
"../../Plugins/Runtime/Oculus/OculusVR/Content/Materials/PokeAHoleMaterial.uasset" 369
"../../Plugins/Runtime/AR/Google/GoogleARCore/Content/M_SceneDepthOcclusion.uasset" 370
"../../../Engine/Content/EngineSky/T_Sky_Stars.uasset" 371
"../../../Engine/Content/EngineSky/T_Sky_Clouds_M.uasset" 372
"../../../Engine/Content/EngineSky/T_Sky_Blue.uasset" 373
"../../../Engine/Content/EngineSky/M_Sky_Panning_Clouds2.uasset" 374
"../../../Engine/Content/EngineSky/SM_SkySphere.uasset" 375
"../../../Engine/Content/EngineSky/C_Sky_Zenith_Color.uasset" 376
"../../../Engine/Content/EngineSky/C_Sky_Horizon_Color.uasset" 377
"../../../Engine/Content/EngineSky/C_Sky_Cloud_Color.uasset" 378
"../../../Engine/Content/EngineSky/BP_Sky_Sphere.uasset" 379
"../../../../../../Creative stuph/GitHub Repos/mazetest/Content/Maps/Editor.umap" 380
"../../../../../../Creative stuph/GitHub Repos/mazetest/Content/blueprints/Box.uasset" 381
"../../../../../../Creative stuph/GitHub Repos/mazetest/Content/StarterContent/Textures/T_Metal_Steel_N.uasset" 382
"../../../../../../Creative stuph/GitHub Repos/mazetest/Content/StarterContent/Textures/T_Metal_Steel_D.uasset" 383
"../../../../../../Creative stuph/GitHub Repos/mazetest/Content/StarterContent/Materials/M_Metal_Steel.uasset" 384
"../../../../../../Creative stuph/GitHub Repos/mazetest/Content/blueprints/CostumemacroLib.uasset" 385
"../../../../../../Creative stuph/GitHub Repos/mazetest/Content/StarterContent/Textures/T_Metal_Rust_D.uasset" 386
"../../../../../../Creative stuph/GitHub Repos/mazetest/Content/StarterContent/Textures/T_Metal_Rust_N.uasset" 387
"../../../../../../Creative stuph/GitHub Repos/mazetest/Content/StarterContent/Materials/M_Metal_Rust.uasset" 388
"../../../../../../Creative stuph/GitHub Repos/mazetest/Content/Geometry/Meshes/1M_Cube.uasset" 389
"../../../../../../Creative stuph/GitHub Repos/mazetest/Content/StarterContent/Shapes/Shape_QuadPyramid.uasset" 390
"../../../../../../Creative stuph/GitHub Repos/mazetest/Content/blueprints/BP_Maze.uasset" 391
"../../../../../../Creative stuph/GitHub Repos/mazetest/Content/Maps/Level1.umap" 392
"../../../../../../Creative stuph/GitHub Repos/mazetest/Content/Levels/Level2_Mesh.uasset" 393
"../../../../../../Creative stuph/GitHub Repos/mazetest/Content/Maps/Level2.umap" 394
"../../../../../../Creative stuph/GitHub Repos/mazetest/Content/StarterContent/Textures/T_Metal_Copper_D.uasset" 395
"../../../../../../Creative stuph/GitHub Repos/mazetest/Content/StarterContent/Textures/T_Metal_Gold_N.uasset" 396
"../../../../../../Creative stuph/GitHub Repos/mazetest/Content/StarterContent/Materials/M_Metal_Copper.uasset" 397
"../../../../../../Creative stuph/GitHub Repos/mazetest/Content/Maps/Level3.umap" 398
"../../../../../../Creative stuph/GitHub Repos/mazetest/Content/Maps/Level4.umap" 399
"../../../../../../Creative stuph/GitHub Repos/mazetest/Content/Maps/Level5.umap" 400
"../../../../../../Creative stuph/GitHub Repos/mazetest/Content/Maps/Level6.umap" 401
"../../../../../../Creative stuph/GitHub Repos/mazetest/Content/Maps/Level7.umap" 402
"../../../Engine/Content/EditorResources/BadBlueprintSprite.uasset" 403
"../../../../../../Creative stuph/GitHub Repos/mazetest/Content/Maps/Menu/choosemapMenu.umap" 404
"../../../../../../Creative stuph/GitHub Repos/mazetest/Content/Maps/Menu/MainMenu.umap" 405
"../../../Engine/Content/MapTemplates/Sky/DaylightAmbientCubemap.uasset" 406
"../../../../../../Creative stuph/GitHub Repos/mazetest/Content/HandheldARBP/Maps/HandheldARBlankMap.umap" 407
"../../../Engine/Content/EditorMeshes/ColorCalibrator/M_GreyBall.uasset" 408
"../../../Engine/Content/EditorMeshes/ColorCalibrator/Color_checker.uasset" 409
"../../../Engine/Content/EditorMeshes/ColorCalibrator/M_ColorGrid.uasset" 410
"../../../Engine/Content/EditorMeshes/ColorCalibrator/M_ClearCoatBlack.uasset" 411
"../../../Engine/Content/EditorMeshes/ColorCalibrator/M_ClearCoat.uasset" 412
"../../../Engine/Content/EditorMeshes/ColorCalibrator/M_ChromeBall.uasset" 413
"../../../Engine/Content/EditorMeshes/ColorCalibrator/SM_ColorCalibrator.uasset" 414
"../../../../../../Creative stuph/GitHub Repos/mazetest/Content/StarterContent/Maps/Advanced_Lighting_BuiltData.uasset" 415
"../../../../../../Creative stuph/GitHub Repos/mazetest/Content/StarterContent/HDRI/HDRI_Epic_Courtyard_Daylight.uasset" 416
"../../../../../../Creative stuph/GitHub Repos/mazetest/Content/StarterContent/Blueprints/Assets/M_LightStage_Skybox_Master.uasset" 417
"../../../../../../Creative stuph/GitHub Repos/mazetest/Content/StarterContent/Blueprints/Assets/M_LightStage_Skybox_HDRI.uasset" 418
"../../../../../../Creative stuph/GitHub Repos/mazetest/Content/StarterContent/Blueprints/Assets/M_LightStage_Arrows.uasset" 419
"../../../../../../Creative stuph/GitHub Repos/mazetest/Content/StarterContent/Blueprints/Assets/SM_Arrows.uasset" 420
"../../../Engine/Content/EditorMaterials/Thumbnails/SkySphereMaterial.uasset" 421
"../../../../../../Creative stuph/GitHub Repos/mazetest/Content/StarterContent/Blueprints/Assets/Skybox.uasset" 422
"../../../../../../Creative stuph/GitHub Repos/mazetest/Content/StarterContent/Blueprints/Assets/M_LightStage_Skybox_Black.uasset" 423
"../../../../../../Creative stuph/GitHub Repos/mazetest/Content/StarterContent/Blueprints/Assets/SunlightColorLUT.uasset" 424
"../../../../../../Creative stuph/GitHub Repos/mazetest/Content/StarterContent/Blueprints/Assets/FogBrightnessLUT.uasset" 425
"../../../../../../Creative stuph/GitHub Repos/mazetest/Content/StarterContent/Blueprints/BP_LightStudio.uasset" 426
"../../../../../../Creative stuph/GitHub Repos/mazetest/Content/StarterContent/Materials/M_AssetPlatform.uasset" 427
"../../../../../../Creative stuph/GitHub Repos/mazetest/Content/StarterContent/Architecture/SM_AssetPlatform.uasset" 428
"../../../../../../Creative stuph/GitHub Repos/mazetest/Content/StarterContent/Maps/Advanced_Lighting.umap" 429
"../../../../../../Creative stuph/GitHub Repos/mazetest/Content/StarterContent/Textures/T_TableRound_N.uasset" 430
"../../../../../../Creative stuph/GitHub Repos/mazetest/Content/StarterContent/Textures/T_TableRound_M.uasset" 431
"../../../../../../Creative stuph/GitHub Repos/mazetest/Content/StarterContent/Props/Materials/M_TableRound.uasset" 432
"../../../../../../Creative stuph/GitHub Repos/mazetest/Content/StarterContent/Props/SM_TableRound.uasset" 433
"../../../../../../Creative stuph/GitHub Repos/mazetest/Content/StarterContent/Textures/T_Statue_N.uasset" 434
"../../../../../../Creative stuph/GitHub Repos/mazetest/Content/StarterContent/Textures/T_Statue_M.uasset" 435
"../../../../../../Creative stuph/GitHub Repos/mazetest/Content/StarterContent/Props/Materials/M_Statue.uasset" 436
"../../../../../../Creative stuph/GitHub Repos/mazetest/Content/StarterContent/Props/Materials/M_StatueGlass.uasset" 437
"../../../../../../Creative stuph/GitHub Repos/mazetest/Content/StarterContent/Props/SM_Statue.uasset" 438
"../../../../../../Creative stuph/GitHub Repos/mazetest/Content/StarterContent/Props/SM_Chair.uasset" 439
"../../../../../../Creative stuph/GitHub Repos/mazetest/Content/StarterContent/Textures/T_Metal_Aluminum_D.uasset" 440
"../../../../../../Creative stuph/GitHub Repos/mazetest/Content/StarterContent/Materials/M_Metal_Burnished_Steel.uasset" 441
"../../../../../../Creative stuph/GitHub Repos/mazetest/Content/StarterContent/Materials/M_Metal_Brushed_Nickel.uasset" 442
"../../../../../../Creative stuph/GitHub Repos/mazetest/Content/StarterContent/Maps/Minimal_Default_BuiltData.uasset" 443
"../../../../../../Creative stuph/GitHub Repos/mazetest/Content/StarterContent/Audio/Starter_Background_Cue.uasset" 444
"../../../../../../Creative stuph/GitHub Repos/mazetest/Content/StarterContent/Architecture/Floor_400x400.uasset" 445
"../../../../../../Creative stuph/GitHub Repos/mazetest/Content/StarterContent/Maps/Minimal_Default.umap" 446
"../../../../../../Creative stuph/GitHub Repos/mazetest/Content/StarterContent/Textures/T_Wood_Walnut_N.uasset" 447
"../../../../../../Creative stuph/GitHub Repos/mazetest/Content/StarterContent/Textures/T_Wood_Walnut_D.uasset" 448
"../../../../../../Creative stuph/GitHub Repos/mazetest/Content/StarterContent/Materials/M_Wood_Walnut.uasset" 449
"../../../../../../Creative stuph/GitHub Repos/mazetest/Content/StarterContent/Textures/T_Wood_Pine_N.uasset" 450
"../../../../../../Creative stuph/GitHub Repos/mazetest/Content/StarterContent/Textures/T_Wood_Pine_D.uasset" 451
"../../../../../../Creative stuph/GitHub Repos/mazetest/Content/StarterContent/Materials/M_Wood_Pine.uasset" 452
"../../../../../../Creative stuph/GitHub Repos/mazetest/Content/StarterContent/Textures/T_Wood_Oak_N.uasset" 453
"../../../../../../Creative stuph/GitHub Repos/mazetest/Content/StarterContent/Textures/T_Wood_Oak_D.uasset" 454
"../../../../../../Creative stuph/GitHub Repos/mazetest/Content/StarterContent/Materials/M_Wood_Oak.uasset" 455
"../../../Engine/Content/Functions/Engine_MaterialFunctions01/Opacity/AlphaOffset.uasset" 456
"../../../../../../Creative stuph/GitHub Repos/mazetest/Content/StarterContent/Textures/T_Wood_Floor_Walnut_N.uasset" 457
"../../../../../../Creative stuph/GitHub Repos/mazetest/Content/StarterContent/Textures/T_Wood_Floor_Walnut_M.uasset" 458
"../../../../../../Creative stuph/GitHub Repos/mazetest/Content/StarterContent/Textures/T_Wood_Floor_Walnut_D.uasset" 459
"../../../../../../Creative stuph/GitHub Repos/mazetest/Content/StarterContent/Materials/M_Wood_Floor_Walnut_Worn.uasset" 460
"../../../../../../Creative stuph/GitHub Repos/mazetest/Content/StarterContent/Materials/M_Wood_Floor_Walnut_Polished.uasset" 461
"../../../../../../Creative stuph/GitHub Repos/mazetest/Content/StarterContent/Textures/T_Water_M.uasset" 462
"../../../../../../Creative stuph/GitHub Repos/mazetest/Content/StarterContent/Textures/T_Water_N.uasset" 463
"../../../../../../Creative stuph/GitHub Repos/mazetest/Content/StarterContent/Materials/M_Water_Ocean.uasset" 464
"../../../../../../Creative stuph/GitHub Repos/mazetest/Content/StarterContent/Materials/M_Water_Lake.uasset" 465
"../../../../../../Creative stuph/GitHub Repos/mazetest/Content/StarterContent/Textures/T_Tech_Panel_N.uasset" 466
"../../../../../../Creative stuph/GitHub Repos/mazetest/Content/StarterContent/Textures/T_Tech_Panel_M.uasset" 467
"../../../../../../Creative stuph/GitHub Repos/mazetest/Content/StarterContent/Materials/M_Tech_Panel.uasset" 468
"../../../../../../Creative stuph/GitHub Repos/mazetest/Content/StarterContent/Textures/T_Tech_Hex_Tile_N.uasset" 469
"../../../../../../Creative stuph/GitHub Repos/mazetest/Content/StarterContent/Textures/T_Tech_Hex_Tile_M.uasset" 470
"../../../../../../Creative stuph/GitHub Repos/mazetest/Content/StarterContent/Materials/M_Tech_Hex_Tile_Pulse.uasset" 471
"../../../../../../Creative stuph/GitHub Repos/mazetest/Content/StarterContent/Materials/M_Tech_Hex_Tile.uasset" 472
"../../../../../../Creative stuph/GitHub Repos/mazetest/Content/StarterContent/Textures/T_Tech_Dot_N.uasset" 473
"../../../../../../Creative stuph/GitHub Repos/mazetest/Content/StarterContent/Textures/T_Tech_Dot_M.uasset" 474
"../../../../../../Creative stuph/GitHub Repos/mazetest/Content/StarterContent/Textures/T_Single_Tile_N.uasset" 475
"../../../../../../Creative stuph/GitHub Repos/mazetest/Content/StarterContent/Textures/T_Checker_Noise_M.uasset" 476
"../../../../../../Creative stuph/GitHub Repos/mazetest/Content/StarterContent/Materials/M_Tech_Checker_Dot.uasset" 477
"../../../../../../Creative stuph/GitHub Repos/mazetest/Content/StarterContent/Textures/T_Rock_Slate_N.uasset" 478
"../../../../../../Creative stuph/GitHub Repos/mazetest/Content/StarterContent/Textures/T_Rock_Slate_D.uasset" 479
"../../../../../../Creative stuph/GitHub Repos/mazetest/Content/StarterContent/Materials/M_Rock_Slate.uasset" 480
"../../../../../../Creative stuph/GitHub Repos/mazetest/Content/StarterContent/Textures/T_Rock_Sandstone_N.uasset" 481
"../../../../../../Creative stuph/GitHub Repos/mazetest/Content/StarterContent/Textures/T_Rock_Sandstone_D.uasset" 482
"../../../../../../Creative stuph/GitHub Repos/mazetest/Content/StarterContent/Materials/M_Rock_Sandstone.uasset" 483
"../../../../../../Creative stuph/GitHub Repos/mazetest/Content/StarterContent/Textures/T_Rock_Marble_Polished_D.uasset" 484
"../../../../../../Creative stuph/GitHub Repos/mazetest/Content/StarterContent/Materials/M_Rock_Marble_Polished.uasset" 485
"../../../../../../Creative stuph/GitHub Repos/mazetest/Content/StarterContent/Textures/T_Rock_Basalt_N.uasset" 486
"../../../../../../Creative stuph/GitHub Repos/mazetest/Content/StarterContent/Materials/M_Rock_Basalt.uasset" 487
"../../../../../../Creative stuph/GitHub Repos/mazetest/Content/StarterContent/Textures/T_Metal_Gold_D.uasset" 488
"../../../../../../Creative stuph/GitHub Repos/mazetest/Content/StarterContent/Materials/M_Metal_Gold.uasset" 489
"../../../../../../Creative stuph/GitHub Repos/mazetest/Content/StarterContent/Materials/M_Metal_Chrome.uasset" 490
"../../../../../../Creative stuph/GitHub Repos/mazetest/Content/StarterContent/Textures/T_Ground_Moss_N.uasset" 491
"../../../../../../Creative stuph/GitHub Repos/mazetest/Content/StarterContent/Textures/T_ground_Moss_D.uasset" 492
"../../../../../../Creative stuph/GitHub Repos/mazetest/Content/StarterContent/Materials/M_Ground_Moss.uasset" 493
"../../../../../../Creative stuph/GitHub Repos/mazetest/Content/StarterContent/Textures/T_Ground_Gravel_N.uasset" 494
"../../../../../../Creative stuph/GitHub Repos/mazetest/Content/StarterContent/Textures/T_Ground_Gravel_D.uasset" 495
"../../../../../../Creative stuph/GitHub Repos/mazetest/Content/StarterContent/Materials/M_Ground_Gravel.uasset" 496
"../../../../../../Creative stuph/GitHub Repos/mazetest/Content/StarterContent/Textures/T_Concrete_Tiles_Variation_M.uasset" 497
"../../../../../../Creative stuph/GitHub Repos/mazetest/Content/StarterContent/Textures/T_Concrete_Tiles_N.uasset" 498
"../../../../../../Creative stuph/GitHub Repos/mazetest/Content/StarterContent/Textures/T_Concrete_Tiles_M.uasset" 499
"../../../../../../Creative stuph/GitHub Repos/mazetest/Content/StarterContent/Textures/T_Concrete_Tiles_D.uasset" 500
"../../../../../../Creative stuph/GitHub Repos/mazetest/Content/StarterContent/Materials/M_Concrete_Tiles.uasset" 501
"../../../../../../Creative stuph/GitHub Repos/mazetest/Content/StarterContent/Textures/T_Concrete_Panels_N.uasset" 502
"../../../../../../Creative stuph/GitHub Repos/mazetest/Content/StarterContent/Textures/T_Concrete_Panels_D.uasset" 503
"../../../../../../Creative stuph/GitHub Repos/mazetest/Content/StarterContent/Materials/M_Concrete_Panels.uasset" 504
"../../../../../../Creative stuph/GitHub Repos/mazetest/Content/StarterContent/Textures/T_Concrete_Grime_D.uasset" 505
"../../../../../../Creative stuph/GitHub Repos/mazetest/Content/StarterContent/Materials/M_Concrete_Grime.uasset" 506
"../../../../../../Creative stuph/GitHub Repos/mazetest/Content/StarterContent/Textures/T_CobbleStone_Smooth_N.uasset" 507
"../../../../../../Creative stuph/GitHub Repos/mazetest/Content/StarterContent/Textures/T_CobbleStone_Smooth_M.uasset" 508
"../../../../../../Creative stuph/GitHub Repos/mazetest/Content/StarterContent/Textures/T_CobbleStone_Smooth_D.uasset" 509
"../../../../../../Creative stuph/GitHub Repos/mazetest/Content/StarterContent/Textures/T_Rock_Smooth_Granite_D.uasset" 510
"../../../../../../Creative stuph/GitHub Repos/mazetest/Content/StarterContent/Textures/T_Gradinet_01.uasset" 511
"../../../../../../Creative stuph/GitHub Repos/mazetest/Content/StarterContent/Materials/M_CobbleStone_Smooth.uasset" 512
"../../../../../../Creative stuph/GitHub Repos/mazetest/Content/StarterContent/Textures/T_CobbleStone_Rough_N.uasset" 513
"../../../../../../Creative stuph/GitHub Repos/mazetest/Content/StarterContent/Textures/T_CobbleStone_Rough_D.uasset" 514
"../../../../../../Creative stuph/GitHub Repos/mazetest/Content/StarterContent/Materials/M_CobbleStone_Rough.uasset" 515
"../../../../../../Creative stuph/GitHub Repos/mazetest/Content/StarterContent/Textures/T_CobbleStone_Pebble_N.uasset" 516
"../../../../../../Creative stuph/GitHub Repos/mazetest/Content/StarterContent/Textures/T_CobbleStone_Pebble_M.uasset" 517
"../../../../../../Creative stuph/GitHub Repos/mazetest/Content/StarterContent/Textures/T_CobbleStone_Pebble_D.uasset" 518
"../../../../../../Creative stuph/GitHub Repos/mazetest/Content/StarterContent/Materials/M_CobbleStone_Pebble.uasset" 519
"../../../../../../Creative stuph/GitHub Repos/mazetest/Content/StarterContent/Textures/T_Ceramic_Tile_N.uasset" 520
"../../../../../../Creative stuph/GitHub Repos/mazetest/Content/StarterContent/Textures/T_Ceramic_Tile_M.uasset" 521
"../../../../../../Creative stuph/GitHub Repos/mazetest/Content/StarterContent/Materials/M_Ceramic_Tile_Checker.uasset" 522
"../../../../../../Creative stuph/GitHub Repos/mazetest/Content/StarterContent/Textures/T_Brick_Hewn_Stone_N.uasset" 523
"../../../../../../Creative stuph/GitHub Repos/mazetest/Content/StarterContent/Textures/T_Brick_Hewn_Stone_M.uasset" 524
"../../../../../../Creative stuph/GitHub Repos/mazetest/Content/StarterContent/Textures/T_Brick_Hewn_Stone_D.uasset" 525
"../../../../../../Creative stuph/GitHub Repos/mazetest/Content/StarterContent/Materials/M_Brick_Hewn_Stone.uasset" 526
"../../../../../../Creative stuph/GitHub Repos/mazetest/Content/StarterContent/Textures/T_Brick_Cut_Stone_N.uasset" 527
"../../../../../../Creative stuph/GitHub Repos/mazetest/Content/StarterContent/Textures/T_Brick_Cut_Stone_D.uasset" 528
"../../../../../../Creative stuph/GitHub Repos/mazetest/Content/StarterContent/Materials/M_Brick_Cut_Stone.uasset" 529
"../../../../../../Creative stuph/GitHub Repos/mazetest/Content/StarterContent/Textures/T_Brick_Clay_Old_N.uasset" 530
"../../../../../../Creative stuph/GitHub Repos/mazetest/Content/StarterContent/Textures/T_Brick_Clay_Old_D.uasset" 531
"../../../../../../Creative stuph/GitHub Repos/mazetest/Content/StarterContent/Materials/M_Brick_Clay_Old.uasset" 532
"../../../../../../Creative stuph/GitHub Repos/mazetest/Content/StarterContent/Textures/T_Brick_Clay_New_N.uasset" 533
"../../../../../../Creative stuph/GitHub Repos/mazetest/Content/StarterContent/Textures/T_Brick_Clay_New_M.uasset" 534
"../../../../../../Creative stuph/GitHub Repos/mazetest/Content/StarterContent/Textures/T_Brick_Clay_New_D.uasset" 535
"../../../../../../Creative stuph/GitHub Repos/mazetest/Content/StarterContent/Materials/M_Brick_Clay_New.uasset" 536
"../../../../../../Creative stuph/GitHub Repos/mazetest/Content/StarterContent/Textures/T_Brick_Clay_Beveled_N.uasset" 537
"../../../../../../Creative stuph/GitHub Repos/mazetest/Content/StarterContent/Textures/T_Brick_Clay_Beveled_M.uasset" 538
"../../../../../../Creative stuph/GitHub Repos/mazetest/Content/StarterContent/Textures/T_Brick_Clay_Beveled_D.uasset" 539
"../../../../../../Creative stuph/GitHub Repos/mazetest/Content/StarterContent/Materials/M_Brick_Clay_Beveled.uasset" 540
"../../../Engine/Content/Functions/Engine_MaterialFunctions03/Procedurals/ComputeFilterWidth.uasset" 541
"../../../Engine/Content/EngineMaterials/AntiAliasedTextMaterialTranslucent.uasset" 542
"../../../../../../Creative stuph/GitHub Repos/mazetest/Content/StarterContent/Maps/StarterMap_BuiltData.uasset" 543
"../../../../../../Creative stuph/GitHub Repos/mazetest/Content/StarterContent/Textures/T_Concrete_Poured_N.uasset" 544
"../../../../../../Creative stuph/GitHub Repos/mazetest/Content/StarterContent/Textures/T_Concrete_Poured_D.uasset" 545
"../../../../../../Creative stuph/GitHub Repos/mazetest/Content/StarterContent/Materials/M_Concrete_Poured.uasset" 546
"../../../../../../Creative stuph/GitHub Repos/mazetest/Content/StarterContent/Textures/T_Lamp_N.uasset" 547
"../../../../../../Creative stuph/GitHub Repos/mazetest/Content/StarterContent/Textures/T_Lamp_M.uasset" 548
"../../../../../../Creative stuph/GitHub Repos/mazetest/Content/StarterContent/Props/Materials/M_Lamp.uasset" 549
"../../../../../../Creative stuph/GitHub Repos/mazetest/Content/StarterContent/Props/SM_Lamp_Wall.uasset" 550
"../../../../../../Creative stuph/GitHub Repos/mazetest/Content/StarterContent/Blueprints/Blueprint_WallSconce.uasset" 551
"../../../../../../Creative stuph/GitHub Repos/mazetest/Content/StarterContent/Particles/P_Steam_Lit.uasset" 552
"../../../../../../Creative stuph/GitHub Repos/mazetest/Content/StarterContent/Audio/Steam01_Cue.uasset" 553
"../../../../../../Creative stuph/GitHub Repos/mazetest/Content/StarterContent/Blueprints/Blueprint_Effect_Steam.uasset" 554
"../../../../../../Creative stuph/GitHub Repos/mazetest/Content/StarterContent/Textures/T_Spark_Core.uasset" 555
"../../../../../../Creative stuph/GitHub Repos/mazetest/Content/StarterContent/Particles/Materials/M_Spark.uasset" 556
"../../../../../../Creative stuph/GitHub Repos/mazetest/Content/StarterContent/Particles/Materials/M_Radial_Gradient.uasset" 557
"../../../../../../Creative stuph/GitHub Repos/mazetest/Content/StarterContent/Particles/P_Sparks.uasset" 558
"../../../../../../Creative stuph/GitHub Repos/mazetest/Content/StarterContent/Audio/Fire_Sparks01_Cue.uasset" 559
"../../../../../../Creative stuph/GitHub Repos/mazetest/Content/StarterContent/Blueprints/Blueprint_Effect_Sparks.uasset" 560
"../../../../../../Creative stuph/GitHub Repos/mazetest/Content/StarterContent/Particles/P_Smoke.uasset" 561
"../../../../../../Creative stuph/GitHub Repos/mazetest/Content/StarterContent/Audio/Smoke01_Cue.uasset" 562
"../../../../../../Creative stuph/GitHub Repos/mazetest/Content/StarterContent/Blueprints/Blueprint_Effect_Smoke.uasset" 563
"../../../../../../Creative stuph/GitHub Repos/mazetest/Content/StarterContent/Particles/Materials/M_Heat_Distortion.uasset" 564
"../../../../../../Creative stuph/GitHub Repos/mazetest/Content/StarterContent/Textures/T_Fire_Tiled_D.uasset" 565
"../../../../../../Creative stuph/GitHub Repos/mazetest/Content/StarterContent/Textures/T_Fire_SubUV.uasset" 566
"../../../../../../Creative stuph/GitHub Repos/mazetest/Content/StarterContent/Particles/Materials/M_Fire_SubUV.uasset" 567
"../../../../../../Creative stuph/GitHub Repos/mazetest/Content/StarterContent/Particles/P_Fire.uasset" 568
"../../../../../../Creative stuph/GitHub Repos/mazetest/Content/StarterContent/Audio/Fire01_Cue.uasset" 569
"../../../../../../Creative stuph/GitHub Repos/mazetest/Content/StarterContent/Blueprints/Blueprint_Effect_Fire.uasset" 570
"../../../../../../Creative stuph/GitHub Repos/mazetest/Content/StarterContent/Props/SM_Lamp_Ceiling.uasset" 571
"../../../../../../Creative stuph/GitHub Repos/mazetest/Content/StarterContent/Blueprints/Blueprint_CeilingLight.uasset" 572
"../../../../../../Creative stuph/GitHub Repos/mazetest/Content/StarterContent/Audio/Starter_Music_Cue.uasset" 573
"../../../../../../Creative stuph/GitHub Repos/mazetest/Content/StarterContent/Shapes/Shape_Sphere.uasset" 574
"../../../../../../Creative stuph/GitHub Repos/mazetest/Content/StarterContent/Shapes/Shape_Cube.uasset" 575
"../../../../../../Creative stuph/GitHub Repos/mazetest/Content/StarterContent/Textures/T_Frame_N.uasset" 576
"../../../../../../Creative stuph/GitHub Repos/mazetest/Content/StarterContent/Textures/T_Frame_M.uasset" 577
"../../../../../../Creative stuph/GitHub Repos/mazetest/Content/StarterContent/Props/Materials/M_Frame.uasset" 578
"../../../../../../Creative stuph/GitHub Repos/mazetest/Content/StarterContent/Props/SM_WindowFrame.uasset" 579
"../../../../../../Creative stuph/GitHub Repos/mazetest/Content/StarterContent/Props/SM_PillarFrame300.uasset" 580
"../../../../../../Creative stuph/GitHub Repos/mazetest/Content/StarterContent/Props/SM_PillarFrame.uasset" 581
"../../../../../../Creative stuph/GitHub Repos/mazetest/Content/StarterContent/Props/SM_GlassWindow.uasset" 582
"../../../../../../Creative stuph/GitHub Repos/mazetest/Content/StarterContent/Props/SM_DoorFrame.uasset" 583
"../../../../../../Creative stuph/GitHub Repos/mazetest/Content/StarterContent/Props/SM_CornerFrame.uasset" 584
"../../../../../../Creative stuph/GitHub Repos/mazetest/Content/StarterContent/Props/MaterialSphere.uasset" 585
"../../../../../../Creative stuph/GitHub Repos/mazetest/Content/StarterContent/Textures/T_Dust_Particle_D.uasset" 586
"../../../../../../Creative stuph/GitHub Repos/mazetest/Content/StarterContent/Particles/Materials/M_Dust_Particle.uasset" 587
"../../../../../../Creative stuph/GitHub Repos/mazetest/Content/StarterContent/Particles/P_Ambient_Dust.uasset" 588
"../../../../../../Creative stuph/GitHub Repos/mazetest/Content/StarterContent/Audio/Collapse_Cue.uasset" 589
"../../../../../../Creative stuph/GitHub Repos/mazetest/Content/StarterContent/Architecture/Wall_Window_400x300.uasset" 590
"../../../../../../Creative stuph/GitHub Repos/mazetest/Content/StarterContent/Architecture/Wall_Door_400x300.uasset" 591
"../../../../../../Creative stuph/GitHub Repos/mazetest/Content/StarterContent/Architecture/Wall_400x200.uasset" 592
"../../../../../../Creative stuph/GitHub Repos/mazetest/Content/StarterContent/Maps/StarterMap.umap" 593
"../../../Engine/Content/Maps/Entry_BuiltData.uasset" 594
"../../../Engine/Content/Maps/Entry.umap" 595
